TN:
SF:src\app.ts
FNF:0
FNH:0
DA:1,1
DA:2,1
DA:3,1
DA:4,1
DA:7,1
DA:8,1
DA:9,1
DA:10,1
DA:12,1
DA:15,1
DA:23,1
LF:11
LH:11
BRF:0
BRH:0
end_of_record
TN:
SF:src\Bcrypt\bcrypt.ts
FN:4,(anonymous_1)
FN:10,(anonymous_2)
FNF:2
FNH:2
FNDA:2,(anonymous_1)
FNDA:1,(anonymous_2)
DA:1,1
DA:4,1
DA:5,2
DA:6,2
DA:10,1
DA:11,1
LF:6
LH:6
BRF:0
BRH:0
end_of_record
TN:
SF:src\Controllers\PanData\panDataModel.ts
FN:5,(anonymous_0)
FN:20,(anonymous_1)
FN:32,(anonymous_2)
FN:49,(anonymous_3)
FN:57,(anonymous_4)
FNF:5
FNH:5
FNDA:1,(anonymous_0)
FNDA:1,(anonymous_1)
FNDA:1,(anonymous_2)
FNDA:1,(anonymous_3)
FNDA:1,(anonymous_4)
DA:1,1
DA:3,1
DA:6,1
DA:7,1
DA:8,1
DA:10,1
DA:11,0
DA:13,1
DA:16,0
DA:21,1
DA:22,1
DA:24,1
DA:25,1
DA:28,0
DA:33,1
DA:34,0
DA:36,1
DA:37,1
DA:39,1
DA:40,0
DA:43,1
DA:45,0
DA:50,1
DA:51,0
DA:54,1
DA:55,1
DA:57,1
DA:59,1
DA:60,0
DA:63,1
DA:65,1
DA:70,1
DA:71,0
DA:74,1
DA:76,0
LF:35
LH:25
BRDA:7,0,0,1
BRDA:7,0,1,0
BRDA:10,1,0,0
BRDA:33,2,0,0
BRDA:39,3,0,0
BRDA:50,4,0,0
BRDA:59,5,0,0
BRDA:70,6,0,0
BRF:8
BRH:1
end_of_record
TN:
SF:src\Controllers\UsuarioData\carteraDataModel.ts
FN:5,(anonymous_0)
FN:22,(anonymous_1)
FN:34,(anonymous_2)
FN:51,(anonymous_3)
FN:59,(anonymous_4)
FNF:5
FNH:5
FNDA:1,(anonymous_0)
FNDA:1,(anonymous_1)
FNDA:1,(anonymous_2)
FNDA:1,(anonymous_3)
FNDA:1,(anonymous_4)
DA:1,1
DA:3,1
DA:6,1
DA:7,1
DA:9,1
DA:11,1
DA:12,0
DA:15,1
DA:18,0
DA:23,1
DA:24,1
DA:26,1
DA:27,1
DA:30,0
DA:35,1
DA:36,0
DA:38,1
DA:39,1
DA:41,1
DA:42,0
DA:45,1
DA:47,0
DA:52,1
DA:53,0
DA:56,1
DA:57,1
DA:59,1
DA:61,1
DA:62,0
DA:65,1
DA:67,1
DA:72,1
DA:73,0
DA:76,1
DA:78,0
LF:35
LH:25
BRDA:7,0,0,1
BRDA:7,0,1,0
BRDA:11,1,0,0
BRDA:35,2,0,0
BRDA:41,3,0,0
BRDA:52,4,0,0
BRDA:61,5,0,0
BRDA:72,6,0,0
BRF:8
BRH:1
end_of_record
TN:
SF:src\Controllers\UsuarioData\direccionDataModel.ts
FN:5,(anonymous_0)
FN:20,(anonymous_1)
FN:32,(anonymous_2)
FN:49,(anonymous_3)
FN:57,(anonymous_4)
FNF:5
FNH:5
FNDA:1,(anonymous_0)
FNDA:1,(anonymous_1)
FNDA:1,(anonymous_2)
FNDA:1,(anonymous_3)
FNDA:1,(anonymous_4)
DA:1,1
DA:3,1
DA:6,1
DA:7,1
DA:8,1
DA:10,1
DA:11,0
DA:13,1
DA:16,0
DA:21,1
DA:22,1
DA:24,1
DA:25,1
DA:28,0
DA:33,1
DA:34,0
DA:36,1
DA:37,1
DA:39,1
DA:40,0
DA:43,1
DA:45,0
DA:50,1
DA:51,0
DA:54,1
DA:55,1
DA:57,1
DA:59,1
DA:60,0
DA:63,1
DA:65,1
DA:70,1
DA:71,0
DA:74,1
DA:76,0
LF:35
LH:25
BRDA:7,0,0,1
BRDA:7,0,1,0
BRDA:10,1,0,0
BRDA:33,2,0,0
BRDA:39,3,0,0
BRDA:50,4,0,0
BRDA:59,5,0,0
BRDA:70,6,0,0
BRF:8
BRH:1
end_of_record
TN:
SF:src\Controllers\UsuarioData\usuarioDataModel.ts
FN:10,(anonymous_1)
FN:25,(anonymous_2)
FN:47,(anonymous_3)
FN:74,(anonymous_4)
FN:94,(anonymous_5)
FN:105,(anonymous_6)
FNF:6
FNH:6
FNDA:1,(anonymous_1)
FNDA:2,(anonymous_2)
FNDA:1,(anonymous_3)
FNDA:1,(anonymous_4)
FNDA:1,(anonymous_5)
FNDA:1,(anonymous_6)
DA:1,1
DA:2,1
DA:3,1
DA:4,1
DA:5,1
DA:6,1
DA:8,1
DA:11,1
DA:12,1
DA:13,1
DA:15,1
DA:16,0
DA:18,1
DA:21,0
DA:27,2
DA:28,2
DA:30,2
DA:31,1
DA:33,1
DA:34,1
DA:36,1
DA:38,1
DA:40,1
DA:43,0
DA:49,1
DA:50,1
DA:51,1
DA:53,1
DA:55,1
DA:57,1
DA:58,0
DA:61,1
DA:62,1
DA:64,1
DA:67,0
DA:70,0
DA:75,1
DA:76,0
DA:78,1
DA:79,1
DA:81,1
DA:82,0
DA:85,1
DA:86,1
DA:88,1
DA:90,0
DA:95,1
DA:96,0
DA:99,1
DA:100,1
DA:102,1
DA:103,1
DA:105,1
DA:107,1
DA:108,0
DA:111,1
DA:113,1
DA:118,1
DA:119,0
DA:122,1
DA:124,0
LF:61
LH:48
BRDA:12,0,0,0
BRDA:12,0,1,1
BRDA:15,1,0,0
BRDA:30,2,0,1
BRDA:50,3,0,1
BRDA:50,3,1,0
BRDA:53,4,0,1
BRDA:53,5,0,1
BRDA:53,5,1,1
BRDA:57,6,0,0
BRDA:75,7,0,0
BRDA:81,8,0,0
BRDA:95,9,0,0
BRDA:99,10,0,1
BRDA:107,11,0,0
BRDA:118,12,0,0
BRF:16
BRH:7
end_of_record
TN:
SF:src\env\config.ts
FNF:0
FNH:0
DA:1,1
DA:2,1
DA:4,1
DA:5,1
DA:6,1
LF:5
LH:5
BRDA:5,0,0,1
BRDA:5,0,1,0
BRDA:5,0,2,0
BRDA:5,0,3,0
BRDA:6,1,0,1
BRDA:6,1,1,0
BRF:6
BRH:2
end_of_record
TN:
SF:src\middleware\jwt.ts
FN:4,(anonymous_1)
FN:11,(anonymous_2)
FNF:2
FNH:2
FNDA:16,(anonymous_1)
FNDA:15,(anonymous_2)
DA:1,1
DA:2,1
DA:4,1
DA:5,16
DA:7,16
DA:8,15
DA:9,15
DA:11,15
DA:12,15
DA:13,1
DA:14,1
DA:16,14
DA:21,1
DA:22,1
LF:14
LH:14
BRDA:7,0,0,15
BRDA:7,0,1,1
BRDA:12,1,0,1
BRDA:12,1,1,14
BRF:4
BRH:4
end_of_record
TN:
SF:src\models\pan\pan.ts
FNF:0
FNH:0
DA:1,1
DA:14,1
DA:64,1
LF:3
LH:3
BRF:0
BRH:0
end_of_record
TN:
SF:src\models\usuario\cartera.ts
FN:28,(anonymous_0)
FN:29,(anonymous_1)
FNF:2
FNH:2
FNDA:2,(anonymous_0)
FNDA:2,(anonymous_1)
DA:1,1
DA:15,1
DA:29,2
DA:30,2
DA:31,0
DA:32,2
DA:33,0
DA:34,2
DA:35,0
DA:36,2
DA:37,0
DA:43,1
LF:12
LH:8
BRDA:30,0,0,0
BRDA:30,1,0,2
BRDA:30,1,1,2
BRDA:32,2,0,0
BRDA:34,3,0,0
BRDA:36,4,0,0
BRF:6
BRH:2
end_of_record
TN:
SF:src\models\usuario\direccion.ts
FNF:0
FNH:0
DA:1,1
DA:12,1
DA:50,1
LF:3
LH:3
BRF:0
BRH:0
end_of_record
TN:
SF:src\models\usuario\usuario.ts
FNF:0
FNH:0
DA:1,1
DA:11,1
DA:43,1
LF:3
LH:3
BRF:0
BRH:0
end_of_record
TN:
SF:src\routers\carteraRoute.ts
FN:8,(anonymous_1)
FN:15,(anonymous_2)
FN:22,(anonymous_3)
FN:29,(anonymous_4)
FNF:4
FNH:4
FNDA:1,(anonymous_1)
FNDA:1,(anonymous_2)
FNDA:1,(anonymous_3)
FNDA:1,(anonymous_4)
DA:1,1
DA:2,1
DA:4,1
DA:6,1
DA:8,1
DA:9,1
DA:10,1
DA:11,1
DA:12,1
DA:15,1
DA:16,1
DA:17,1
DA:18,1
DA:19,1
DA:22,1
DA:23,1
DA:24,1
DA:25,1
DA:26,1
DA:29,1
DA:30,1
DA:31,1
DA:32,1
DA:33,1
DA:36,1
LF:25
LH:25
BRF:0
BRH:0
end_of_record
TN:
SF:src\routers\direccionRoute.ts
FN:8,(anonymous_1)
FN:15,(anonymous_2)
FN:22,(anonymous_3)
FN:29,(anonymous_4)
FNF:4
FNH:4
FNDA:1,(anonymous_1)
FNDA:1,(anonymous_2)
FNDA:1,(anonymous_3)
FNDA:1,(anonymous_4)
DA:1,1
DA:2,1
DA:4,1
DA:6,1
DA:8,1
DA:9,1
DA:10,1
DA:11,1
DA:12,1
DA:15,1
DA:16,1
DA:17,1
DA:18,1
DA:19,1
DA:22,1
DA:23,1
DA:24,1
DA:25,1
DA:26,1
DA:29,1
DA:30,1
DA:31,1
DA:32,1
DA:33,1
DA:36,1
LF:25
LH:25
BRF:0
BRH:0
end_of_record
TN:
SF:src\routers\panRoute.ts
FN:8,(anonymous_1)
FN:15,(anonymous_2)
FN:22,(anonymous_3)
FN:29,(anonymous_4)
FNF:4
FNH:4
FNDA:1,(anonymous_1)
FNDA:1,(anonymous_2)
FNDA:1,(anonymous_3)
FNDA:1,(anonymous_4)
DA:1,1
DA:2,1
DA:4,1
DA:6,1
DA:8,1
DA:9,1
DA:10,1
DA:11,1
DA:12,1
DA:15,1
DA:16,1
DA:17,1
DA:18,1
DA:19,1
DA:22,1
DA:23,1
DA:24,1
DA:25,1
DA:26,1
DA:29,1
DA:30,1
DA:31,1
DA:32,1
DA:33,1
DA:36,1
LF:25
LH:25
BRF:0
BRH:0
end_of_record
TN:
SF:src\routers\usuarioRoute.ts
FN:8,(anonymous_1)
FN:15,(anonymous_2)
FN:22,(anonymous_3)
FN:29,(anonymous_4)
FN:36,(anonymous_5)
FNF:5
FNH:5
FNDA:1,(anonymous_1)
FNDA:2,(anonymous_2)
FNDA:1,(anonymous_3)
FNDA:1,(anonymous_4)
FNDA:1,(anonymous_5)
DA:1,1
DA:2,1
DA:4,1
DA:6,1
DA:8,1
DA:9,1
DA:10,1
DA:11,1
DA:12,1
DA:15,1
DA:16,2
DA:17,2
DA:18,2
DA:19,2
DA:22,1
DA:23,1
DA:24,1
DA:25,1
DA:26,1
DA:29,1
DA:30,1
DA:31,1
DA:32,1
DA:33,1
DA:36,1
DA:37,1
DA:38,1
DA:39,1
DA:40,1
DA:43,1
LF:30
LH:30
BRF:0
BRH:0
end_of_record
